<?xml version="1.0" encoding="UTF-8"?>
<testsuite name="test.pivotal.pal.tracker.users.UserControllerTest" tests="1" skipped="0" failures="0" errors="0" timestamp="2020-04-25T09:50:10" hostname="DESKTOP-1345FN6" time="0.037">
  <properties/>
  <testcase name="testShow" classname="test.pivotal.pal.tracker.users.UserControllerTest" time="0.037"/>
  <system-out><![CDATA[]]></system-out>
  <system-err><![CDATA[]]></system-err>
</testsuite>
