<?xml version="1.0" encoding="UTF-8"?>
<testsuite name="test.pivotal.pal.tracker.accounts.AccountControllerTest" tests="1" skipped="0" failures="0" errors="0" timestamp="2020-04-25T09:49:36" hostname="DESKTOP-1345FN6" time="0.304">
  <properties/>
  <testcase name="testList" classname="test.pivotal.pal.tracker.accounts.AccountControllerTest" time="0.304"/>
  <system-out><![CDATA[]]></system-out>
  <system-err><![CDATA[]]></system-err>
</testsuite>
