<?xml version="1.0" encoding="UTF-8"?>
<testsuite name="test.pivotal.pal.tracker.projects.ProjectDataGatewayTest" tests="3" skipped="0" failures="0" errors="0" timestamp="2020-04-25T09:49:55" hostname="DESKTOP-1345FN6" time="2.987">
  <properties/>
  <testcase name="testFind" classname="test.pivotal.pal.tracker.projects.ProjectDataGatewayTest" time="1.251"/>
  <testcase name="testFindAllByAccountId" classname="test.pivotal.pal.tracker.projects.ProjectDataGatewayTest" time="0.842"/>
  <testcase name="testCreate" classname="test.pivotal.pal.tracker.projects.ProjectDataGatewayTest" time="0.894"/>
  <system-out><![CDATA[]]></system-out>
  <system-err><![CDATA[SLF4J: Failed to load class "org.slf4j.impl.StaticLoggerBinder".
SLF4J: Defaulting to no-operation (NOP) logger implementation
SLF4J: See http://www.slf4j.org/codes.html#StaticLoggerBinder for further details.
]]></system-err>
</testsuite>
