<?xml version="1.0" encoding="UTF-8"?>
<testsuite name="test.pivotal.pal.tracker.timesheets.TimesheetsAppTest" tests="1" skipped="0" failures="0" errors="0" timestamp="2020-04-25T09:49:16" hostname="DESKTOP-1345FN6" time="16.418">
  <properties/>
  <testcase name="embedded" classname="test.pivotal.pal.tracker.timesheets.TimesheetsAppTest" time="16.418"/>
  <system-out><![CDATA[
  .   ____          _            __ _ _
 /\\ / ___'_ __ _ _(_)_ __  __ _ \ \ \ \
( ( )\___ | '_ | '_| | '_ \/ _` | \ \ \ \
 \\/  ___)| |_)| | | | | || (_| |  ) ) ) )
  '  |____| .__|_| |_|_| |_\__, | / / / /
 =========|_|==============|___/=/_/_/_/
 :: Spring Boot ::        (v2.0.6.RELEASE)

2020-04-25 09:49:18.257  INFO 15320 --- [    Test worker] io.pivotal.pal.tracker.timesheets.App    : Starting App on DESKTOP-1345FN6 with PID 15320 (started by prasa in C:\workspace\pal-tracker-distributed\applications\timesheets-server)
2020-04-25 09:49:18.265  INFO 15320 --- [    Test worker] io.pivotal.pal.tracker.timesheets.App    : No active profile set, falling back to default profiles: default
2020-04-25 09:49:18.608  INFO 15320 --- [    Test worker] ConfigServletWebServerApplicationContext : Refreshing org.springframework.boot.web.servlet.context.AnnotationConfigServletWebServerApplicationContext@52097f95: startup date [Sat Apr 25 09:49:18 UTC 2020]; root of context hierarchy
2020-04-25 09:49:24.010  INFO 15320 --- [    Test worker] o.s.b.w.embedded.tomcat.TomcatWebServer  : Tomcat initialized with port(s): 8181 (http)
2020-04-25 09:49:24.059  INFO 15320 --- [    Test worker] o.apache.catalina.core.StandardService   : Starting service [Tomcat]
2020-04-25 09:49:24.061  INFO 15320 --- [    Test worker] org.apache.catalina.core.StandardEngine  : Starting Servlet Engine: Apache Tomcat/8.5.34
2020-04-25 09:49:24.078  INFO 15320 --- [ost-startStop-1] o.a.catalina.core.AprLifecycleListener   : The APR based Apache Tomcat Native library which allows optimal performance in production environments was not found on the java.library.path: [C:\Program Files\Java\jdk1.8.0_241\bin;C:\WINDOWS\Sun\Java\bin;C:\WINDOWS\system32;C:\WINDOWS;C:\Program Files (x86)\Common Files\Oracle\Java\javapath;C:\app\OracleHomeUser1\product\12.2.0\dbhome_1\bin;C:\Program Files\Microsoft MPI\Bin\;C:\oraclexe\app\oracle\product\11.2.0\server\bin;C:\ProgramData\Oracle\Java\javapath;C:\WINDOWS\system32;C:\WINDOWS;C:\WINDOWS\System32\Wbem;C:\WINDOWS\System32\WindowsPowerShell\v1.0\;c:\Program Files (x86)\ATI Technologies\ATI.ACE\Core-Static;C:\Program Files\wkhtmltopdf\bin;C:\WINDOWS\System32\OpenSSH\;C:\Program Files (x86)\Intel\Intel(R) Management Engine Components\DAL;C:\Program Files\Intel\Intel(R) Management Engine Components\DAL;C:\Program Files\Intel\WiFi\bin\;C:\Program Files\Common Files\Intel\WirelessCommon\;C:\Program Files\Cloud Foundry;C:\Gradle\gradle-6.3\bin;C:\Program Files\Git\cmd;C:\Program Files\cURL\bin;C:\Program Files\MySQL\MySQL Shell 8.0\bin\;C:\Users\prasa\AppData\Local\Microsoft\WindowsApps;C:\Program Files\JetBrains\IntelliJ IDEA Community Edition 2019.3.4\bin;C:\Users\prasa\AppData\Local\GitHubDesktop\bin;.]
2020-04-25 09:49:24.489  INFO 15320 --- [ost-startStop-1] o.a.c.c.C.[Tomcat].[localhost].[/]       : Initializing Spring embedded WebApplicationContext
2020-04-25 09:49:24.489  INFO 15320 --- [ost-startStop-1] o.s.web.context.ContextLoader            : Root WebApplicationContext: initialization completed in 5890 ms
2020-04-25 09:49:24.670  INFO 15320 --- [ost-startStop-1] o.s.b.w.servlet.ServletRegistrationBean  : Servlet dispatcherServlet mapped to [/]
2020-04-25 09:49:24.692  INFO 15320 --- [ost-startStop-1] o.s.b.w.servlet.FilterRegistrationBean   : Mapping filter: 'characterEncodingFilter' to: [/*]
2020-04-25 09:49:24.694  INFO 15320 --- [ost-startStop-1] o.s.b.w.servlet.FilterRegistrationBean   : Mapping filter: 'hiddenHttpMethodFilter' to: [/*]
2020-04-25 09:49:24.696  INFO 15320 --- [ost-startStop-1] o.s.b.w.servlet.FilterRegistrationBean   : Mapping filter: 'httpPutFormContentFilter' to: [/*]
2020-04-25 09:49:24.698  INFO 15320 --- [ost-startStop-1] o.s.b.w.servlet.FilterRegistrationBean   : Mapping filter: 'requestContextFilter' to: [/*]
2020-04-25 09:49:26.537  INFO 15320 --- [    Test worker] o.s.w.s.handler.SimpleUrlHandlerMapping  : Mapped URL path [/**/favicon.ico] onto handler of type [class org.springframework.web.servlet.resource.ResourceHttpRequestHandler]
2020-04-25 09:49:27.350  INFO 15320 --- [    Test worker] s.w.s.m.m.a.RequestMappingHandlerAdapter : Looking for @ControllerAdvice: org.springframework.boot.web.servlet.context.AnnotationConfigServletWebServerApplicationContext@52097f95: startup date [Sat Apr 25 09:49:18 UTC 2020]; root of context hierarchy
2020-04-25 09:49:28.013  INFO 15320 --- [    Test worker] s.w.s.m.m.a.RequestMappingHandlerMapping : Mapped "{[/time-entries],methods=[POST]}" onto public org.springframework.http.ResponseEntity<io.pivotal.pal.tracker.timesheets.TimeEntryInfo> io.pivotal.pal.tracker.timesheets.TimeEntryController.create(io.pivotal.pal.tracker.timesheets.TimeEntryForm)
2020-04-25 09:49:28.025  INFO 15320 --- [    Test worker] s.w.s.m.m.a.RequestMappingHandlerMapping : Mapped "{[/time-entries],methods=[GET]}" onto public java.util.List<io.pivotal.pal.tracker.timesheets.TimeEntryInfo> io.pivotal.pal.tracker.timesheets.TimeEntryController.list(long)
2020-04-25 09:49:28.029  INFO 15320 --- [    Test worker] s.w.s.m.m.a.RequestMappingHandlerMapping : Mapped "{[/],methods=[GET]}" onto public java.lang.String io.pivotal.pal.tracker.restsupport.SpringDefaultController.defaultRoute()
2020-04-25 09:49:28.053  INFO 15320 --- [    Test worker] s.w.s.m.m.a.RequestMappingHandlerMapping : Mapped "{[/error]}" onto public org.springframework.http.ResponseEntity<java.util.Map<java.lang.String, java.lang.Object>> org.springframework.boot.autoconfigure.web.servlet.error.BasicErrorController.error(javax.servlet.http.HttpServletRequest)
2020-04-25 09:49:28.057  INFO 15320 --- [    Test worker] s.w.s.m.m.a.RequestMappingHandlerMapping : Mapped "{[/error],produces=[text/html]}" onto public org.springframework.web.servlet.ModelAndView org.springframework.boot.autoconfigure.web.servlet.error.BasicErrorController.errorHtml(javax.servlet.http.HttpServletRequest,javax.servlet.http.HttpServletResponse)
2020-04-25 09:49:28.266  INFO 15320 --- [    Test worker] o.s.w.s.handler.SimpleUrlHandlerMapping  : Mapped URL path [/webjars/**] onto handler of type [class org.springframework.web.servlet.resource.ResourceHttpRequestHandler]
2020-04-25 09:49:28.267  INFO 15320 --- [    Test worker] o.s.w.s.handler.SimpleUrlHandlerMapping  : Mapped URL path [/**] onto handler of type [class org.springframework.web.servlet.resource.ResourceHttpRequestHandler]
2020-04-25 09:49:30.181  INFO 15320 --- [    Test worker] o.s.j.e.a.AnnotationMBeanExporter        : Registering beans for JMX exposure on startup
2020-04-25 09:49:30.190  INFO 15320 --- [    Test worker] o.s.j.e.a.AnnotationMBeanExporter        : Bean with name 'dataSource' has been autodetected for JMX exposure
2020-04-25 09:49:30.214  INFO 15320 --- [    Test worker] o.s.j.e.a.AnnotationMBeanExporter        : Located MBean 'dataSource': registering with JMX server as MBean [com.zaxxer.hikari:name=dataSource,type=HikariDataSource]
2020-04-25 09:49:30.343  INFO 15320 --- [    Test worker] o.s.b.w.embedded.tomcat.TomcatWebServer  : Tomcat started on port(s): 8181 (http) with context path ''
2020-04-25 09:49:30.360  INFO 15320 --- [    Test worker] io.pivotal.pal.tracker.timesheets.App    : Started App in 13.29 seconds (JVM running for 15.376)
2020-04-25 09:49:30.906  INFO 15320 --- [nio-8181-exec-1] o.a.c.c.C.[Tomcat].[localhost].[/]       : Initializing Spring FrameworkServlet 'dispatcherServlet'
2020-04-25 09:49:30.909  INFO 15320 --- [nio-8181-exec-1] o.s.web.servlet.DispatcherServlet        : FrameworkServlet 'dispatcherServlet': initialization started
2020-04-25 09:49:30.988  INFO 15320 --- [nio-8181-exec-1] o.s.web.servlet.DispatcherServlet        : FrameworkServlet 'dispatcherServlet': initialization completed in 77 ms
2020-04-25 09:49:31.471  INFO 15320 --- [nio-8181-exec-1] com.zaxxer.hikari.HikariDataSource       : HikariPool-1 - Starting...
2020-04-25 09:49:31.479  WARN 15320 --- [nio-8181-exec-1] com.zaxxer.hikari.util.DriverDataSource  : Registered driver with driverClassName=com.mysql.jdbc.Driver was not found, trying direct instantiation.
2020-04-25 09:49:32.569  INFO 15320 --- [nio-8181-exec-1] com.zaxxer.hikari.HikariDataSource       : HikariPool-1 - Start completed.
]]></system-out>
  <system-err><![CDATA[Loading class `com.mysql.jdbc.Driver'. This is deprecated. The new driver class is `com.mysql.cj.jdbc.Driver'. The driver is automatically registered via the SPI and manual loading of the driver class is generally unnecessary.
]]></system-err>
</testsuite>
